<?xml version="1.0" encoding="UTF-8"?>
<testng-results ignored="0" total="1" passed="1" failed="0" skipped="0">
  <reporter-output>
  </reporter-output>
  <suite started-at="2019-02-07T09:45:28Z" name="Default suite" finished-at="2019-02-07T09:45:34Z" duration-ms="6849">
    <groups>
    </groups>
    <test started-at="2019-02-07T09:45:28Z" name="Default test" finished-at="2019-02-07T09:45:34Z" duration-ms="6849">
      <class name="tests.UserCanLoginTest">
        <test-method is-config="true" signature="startDriver(java.lang.String)[pri:0, instance:tests.UserCanLoginTest@38af9828]" started-at="2019-02-07T09:45:18Z" name="startDriver" finished-at="2019-02-07T09:45:28Z" duration-ms="9908" status="PASS">
          <params>
            <param index="0">
              <value>
                <![CDATA[chrome]]>
              </value>
            </param>
          </params>
          <reporter-output>
          </reporter-output>
        </test-method> <!-- startDriver -->
        <test-method is-config="true" signature="waitshoya2()[pri:0, instance:tests.UserCanLoginTest@38af9828]" started-at="2019-02-07T09:45:28Z" name="waitshoya2" finished-at="2019-02-07T09:45:28Z" duration-ms="4" status="PASS">
          <reporter-output>
          </reporter-output>
        </test-method> <!-- waitshoya2 -->
        <test-method signature="User_Login(java.lang.String, java.lang.String, java.lang.String, java.lang.String)[pri:0, instance:tests.UserCanLoginTest@38af9828]" started-at="2019-02-07T09:45:28Z" name="User_Login" data-provider="logindata" finished-at="2019-02-07T09:45:34Z" duration-ms="6190" status="PASS">
          <params>
            <param index="0">
              <value>
                <![CDATA[sameh]]>
              </value>
            </param>
            <param index="1">
              <value>
                <![CDATA[khalil]]>
              </value>
            </param>
            <param index="2">
              <value>
                <![CDATA[h11isham1234@mac.com]]>
              </value>
            </param>
            <param index="3">
              <value>
                <![CDATA[Test@123]]>
              </value>
            </param>
          </params>
          <reporter-output>
          </reporter-output>
        </test-method> <!-- User_Login -->
        <test-method is-config="true" signature="TakeScreen(org.testng.ITestResult)[pri:0, instance:tests.UserCanLoginTest@38af9828]" started-at="2019-02-07T09:45:34Z" name="TakeScreen" finished-at="2019-02-07T09:45:34Z" duration-ms="1" status="PASS">
          <params>
            <param index="0">
              <value>
                <![CDATA[[TestResult name=User_Login status=SUCCESS method=UserCanLoginTest.User_Login(java.lang.String, java.lang.String, java.lang.String, java.lang.String)[pri:0, instance:tests.UserCanLoginTest@38af9828] output={null}]]]>
              </value>
            </param>
          </params>
          <reporter-output>
          </reporter-output>
        </test-method> <!-- TakeScreen -->
        <test-method is-config="true" signature="waitshoya()[pri:0, instance:tests.UserCanLoginTest@38af9828]" started-at="2019-02-07T09:45:34Z" name="waitshoya" finished-at="2019-02-07T09:45:34Z" duration-ms="4" status="PASS">
          <reporter-output>
          </reporter-output>
        </test-method> <!-- waitshoya -->
        <test-method is-config="true" signature="stopDriver()[pri:0, instance:tests.UserCanLoginTest@38af9828]" started-at="2019-02-07T09:45:35Z" name="stopDriver" finished-at="2019-02-07T09:45:35Z" duration-ms="0" status="PASS">
          <reporter-output>
          </reporter-output>
        </test-method> <!-- stopDriver -->
      </class> <!-- tests.UserCanLoginTest -->
    </test> <!-- Default test -->
  </suite> <!-- Default suite -->
</testng-results>
